<?xml version="1.0" encoding="utf-8"?><testsuites><testsuite errors="0" failures="0" hostname="glaucios-mini" name="pytest" skipped="0" tests="5" time="9.296" timestamp="2020-06-30T21:19:52.667456"><testcase classname="test_submit" file="test_submit.py" line="3" name="test_q1" time="0.004"></testcase><testcase classname="test_submit" file="test_submit.py" line="9" name="test_q2" time="0.002"></testcase><testcase classname="test_submit" file="test_submit.py" line="15" name="test_q3" time="0.002"></testcase><testcase classname="test_submit" file="test_submit.py" line="21" name="test_q4" time="0.003"></testcase><testcase classname="test_submit" file="test_submit.py" line="27" name="test_q5" time="0.005"></testcase></testsuite></testsuites>